mktextfm ptmr8t
mktextfm ptmr8t
mktextfm ptmb8t
mktextfm nullfont
mktextfm ptmri8t
mktextfm ptmb8t
mktextfm nullfont
mktextfm ptmb8t
mktextfm nullfont
mktextfm ptmrc8t
mktextfm ptmr8t
mktextfm ptmbc8t
mktextfm nullfont
mktextfm ptmr8t
mktextfm ptmb8t
mktextfm nullfont
mktextfm ptmr8t
mktextfm ptmr8t
mktextfm ptmr8t
mktextfm ptmr8t
mktextfm ptmb8t
mktextfm nullfont
mktextfm ptmr8t
mktextfm ptmb8t
mktextfm nullfont
mktextfm ptmri8t
mktextfm ptmri8t
mktextfm pcrr8t
mktextfm pcrr8t
mktextfm ptmr8t
mktextfm pcrb8t
mktextfm nullfont
mktextfm pcrr8t
mktextfm pcrb8t
mktextfm nullfont
mktextfm pcrr8t
mktextfm pcrb8t
mktextfm nullfont
mktextfm pcrro8t
mktextfm nullfont
mktextfm pcrbo8t
mktextfm nullfont
mktextfm nullfont
mktextfm ptmbi8t
mktextfm nullfont
mktextfm ptmrc8t
mktextfm pcrrc8t
mktextfm ptmri8t
